timestamp: 2013-12-10T16:34:43.700994
CREATE TABLE auth_user(
    id INTEGER PRIMARY KEY AUTOINCREMENT,
    first_name CHAR(128),
    last_name CHAR(128),
    email CHAR(512),
    password CHAR(512),
    registration_key CHAR(512),
    reset_password_key CHAR(512),
    registration_id CHAR(512)
);
success!
timestamp: 2013-12-10T16:34:43.857177
CREATE TABLE auth_group(
    id INTEGER PRIMARY KEY AUTOINCREMENT,
    role CHAR(512),
    description TEXT
);
success!
timestamp: 2013-12-10T16:34:43.992331
CREATE TABLE auth_membership(
    id INTEGER PRIMARY KEY AUTOINCREMENT,
    user_id INTEGER REFERENCES auth_user (id) ON DELETE CASCADE,
    group_id INTEGER REFERENCES auth_group (id) ON DELETE CASCADE
);
success!
timestamp: 2013-12-10T16:34:44.127157
CREATE TABLE auth_permission(
    id INTEGER PRIMARY KEY AUTOINCREMENT,
    group_id INTEGER REFERENCES auth_group (id) ON DELETE CASCADE,
    name CHAR(512),
    table_name CHAR(512),
    record_id INTEGER
);
success!
timestamp: 2013-12-10T16:34:44.278654
CREATE TABLE auth_event(
    id INTEGER PRIMARY KEY AUTOINCREMENT,
    time_stamp TIMESTAMP,
    client_ip CHAR(512),
    user_id INTEGER REFERENCES auth_user (id) ON DELETE CASCADE,
    origin CHAR(512),
    description TEXT
);
success!
timestamp: 2013-12-10T16:34:44.413851
CREATE TABLE auth_cas(
    id INTEGER PRIMARY KEY AUTOINCREMENT,
    user_id INTEGER REFERENCES auth_user (id) ON DELETE CASCADE,
    created_on TIMESTAMP,
    service CHAR(512),
    ticket CHAR(512),
    renew CHAR(1)
);
success!
timestamp: 2013-12-10T16:34:44.547029
CREATE TABLE medical_conditions(
    id INTEGER PRIMARY KEY AUTOINCREMENT,
    name CHAR(512)
);
success!
timestamp: 2013-12-10T16:34:44.686966
CREATE TABLE patients(
    id INTEGER PRIMARY KEY AUTOINCREMENT,
    lastname CHAR(512),
    firstname CHAR(512),
    address CHAR(512),
    city CHAR(512),
    zipcode CHAR(512),
    birthday DATE,
    telhome CHAR(512),
    telwork CHAR(512),
    telmobile CHAR(512),
    sex CHAR(1),
    profession CHAR(512),
    fathername CHAR(512),
    balance DOUBLE,
    datefirstvisit DATE,
    datelastvisit DATE,
    daterecall DATE,
    insurance CHAR(512),
    notes TEXT,
    referredby CHAR(512),
    referredby_tel CHAR(512),
    medical_record TEXT,
    medicalhistnotes TEXT,
    email CHAR(512),
    contact CHAR(1)
);
success!
timestamp: 2013-12-10T16:34:44.833691
CREATE TABLE dental_work_categories(
    id INTEGER PRIMARY KEY AUTOINCREMENT,
    name CHAR(512)
);
success!
timestamp: 2013-12-10T16:34:44.966533
CREATE TABLE dental_work_materials(
    id INTEGER PRIMARY KEY AUTOINCREMENT,
    name CHAR(512)
);
success!
timestamp: 2013-12-10T16:34:45.086604
CREATE TABLE dental_labs(
    id INTEGER PRIMARY KEY AUTOINCREMENT,
    lastname CHAR(512),
    firstname CHAR(512),
    address CHAR(512),
    city CHAR(512),
    zipcode CHAR(512),
    tel1 CHAR(512),
    tel2 CHAR(512),
    telmobile CHAR(512),
    email CHAR(512),
    notes TEXT
);
success!
timestamp: 2013-12-10T16:34:45.194683
CREATE TABLE dental_work_graphics(
    id INTEGER PRIMARY KEY AUTOINCREMENT,
    title CHAR(512),
    file CHAR(512)
);
success!
timestamp: 2013-12-10T16:34:45.311520
CREATE TABLE separation(
    id INTEGER PRIMARY KEY AUTOINCREMENT,
    separation_name CHAR(512)
);
success!
timestamp: 2013-12-10T16:34:45.430981
CREATE TABLE dental_works(
    id INTEGER PRIMARY KEY AUTOINCREMENT,
    name CHAR(512),
    category INTEGER REFERENCES dental_work_categories (id) ON DELETE CASCADE,
    graphic INTEGER REFERENCES dental_work_graphics (id) ON DELETE CASCADE,
    graphic_category INTEGER,
    separation INTEGER REFERENCES separation (id) ON DELETE CASCADE,
    price DOUBLE
);
success!
timestamp: 2013-12-10T16:34:45.558027
CREATE TABLE teeth(
    id INTEGER PRIMARY KEY AUTOINCREMENT,
    tooth CHAR(512),
    upper CHAR(1),
    permanent CHAR(1),
    separation INTEGER REFERENCES separation (id) ON DELETE CASCADE,
    x1 INTEGER,
    y1 INTEGER,
    x2 INTEGER,
    y2 INTEGER,
    horizontal_offset_for_source INTEGER
);
success!
timestamp: 2013-12-10T16:34:45.682479
CREATE TABLE pre_existing_dental_works(
    id INTEGER PRIMARY KEY AUTOINCREMENT,
    patient INTEGER REFERENCES patients (id) ON DELETE CASCADE,
    dental_work INTEGER REFERENCES dental_works (id) ON DELETE CASCADE,
    material INTEGER REFERENCES dental_work_materials (id) ON DELETE CASCADE,
    tooth INTEGER REFERENCES teeth (id) ON DELETE CASCADE
);
success!
timestamp: 2013-12-10T16:34:45.824922
CREATE TABLE dental_record(
    id INTEGER PRIMARY KEY AUTOINCREMENT,
    patient INTEGER REFERENCES patients (id) ON DELETE NO ACTION,
    dental_work INTEGER REFERENCES dental_works (id) ON DELETE CASCADE,
    dental_lab INTEGER REFERENCES dental_labs (id) ON DELETE CASCADE,
    material TEXT,
    dental_work_date DATE,
    tooth INTEGER REFERENCES teeth (id) ON DELETE CASCADE,
    price DOUBLE,
    charge DOUBLE,
    done CHAR(1)
);
success!
timestamp: 2013-12-10T16:34:45.950395
CREATE TABLE therapy_plan(
    id INTEGER PRIMARY KEY AUTOINCREMENT,
    patient INTEGER REFERENCES patients (id) ON DELETE NO ACTION,
    tp_date DATE,
    tp_name CHAR(512)
);
success!
timestamp: 2013-12-10T16:34:46.094718
CREATE TABLE therapy_plan_works(
    id INTEGER PRIMARY KEY AUTOINCREMENT,
    tpw_date DATE,
    therapy_plan INTEGER REFERENCES therapy_plan (id) ON DELETE CASCADE,
    dental_work INTEGER REFERENCES dental_works (id) ON DELETE CASCADE,
    dental_lab INTEGER REFERENCES dental_labs (id) ON DELETE CASCADE,
    material TEXT,
    tooth INTEGER REFERENCES teeth (id) ON DELETE CASCADE,
    price DOUBLE,
    charge DOUBLE
);
success!
timestamp: 2013-12-10T16:34:46.253438
CREATE TABLE colors(
    id INTEGER PRIMARY KEY AUTOINCREMENT,
    tooth INTEGER REFERENCES teeth (id) ON DELETE CASCADE,
    date DATE,
    patient INTEGER REFERENCES patients (id) ON DELETE CASCADE,
    n_color CHAR(512),
    i_color CHAR(512),
    m_color CHAR(512),
    d_color CHAR(512)
);
success!
timestamp: 2013-12-10T16:34:46.413586
CREATE TABLE payments(
    id INTEGER PRIMARY KEY AUTOINCREMENT,
    patient INTEGER REFERENCES patients (id) ON DELETE NO ACTION,
    date DATE,
    amount DOUBLE,
    receipt_no CHAR(512),
    receipt_amount DOUBLE
);
success!
timestamp: 2013-12-10T16:34:46.541582
CREATE TABLE endo(
    id INTEGER PRIMARY KEY AUTOINCREMENT,
    patient INTEGER REFERENCES patients (id) ON DELETE NO ACTION,
    date DATE,
    tooth INTEGER REFERENCES teeth (id) ON DELETE CASCADE,
    notes TEXT,
    eplength CHAR(512),
    aplength CHAR(512),
    eglength CHAR(512),
    aglength CHAR(512),
    ylength CHAR(512),
    epdieyr CHAR(512),
    apdieyr CHAR(512),
    egdieyr CHAR(512),
    agdieyr CHAR(512),
    ydieyr CHAR(512),
    eptaper CHAR(512),
    aptaper CHAR(512),
    egtaper CHAR(512),
    agtaper CHAR(512),
    ytaper CHAR(512)
);
success!
timestamp: 2013-12-10T16:34:46.674080
CREATE TABLE contacts(
    id INTEGER PRIMARY KEY AUTOINCREMENT,
    lastname CHAR(512),
    firstname CHAR(512),
    address CHAR(512),
    city CHAR(512),
    zipcode CHAR(512),
    telhome CHAR(512),
    telwork CHAR(512),
    telmobile CHAR(512),
    email CHAR(512),
    property CHAR(512),
    notes TEXT
);
success!
timestamp: 2013-12-10T16:34:46.806814
CREATE TABLE images(
    id INTEGER PRIMARY KEY AUTOINCREMENT,
    date DATE,
    patient INTEGER REFERENCES patients (id) ON DELETE NO ACTION,
    notes TEXT,
    img_file CHAR(512)
);
success!
timestamp: 2013-12-10T16:34:46.924602
CREATE TABLE appointments(
    id INTEGER PRIMARY KEY AUTOINCREMENT,
    ap_start TIMESTAMP,
    ap_end TIMESTAMP,
    title CHAR(512),
    patient INTEGER REFERENCES patients (id) ON DELETE NO ACTION,
    notes TEXT
);
success!
DELETE FROM endo;
DELETE FROM sqlite_sequence WHERE name='endo';
success!
DELETE FROM colors;
DELETE FROM sqlite_sequence WHERE name='colors';
success!
DELETE FROM payments;
DELETE FROM sqlite_sequence WHERE name='payments';
success!
DELETE FROM images;
DELETE FROM sqlite_sequence WHERE name='images';
success!
DELETE FROM dental_work_materials;
DELETE FROM sqlite_sequence WHERE name='dental_work_materials';
success!
DELETE FROM pre_existing_dental_works;
DELETE FROM sqlite_sequence WHERE name='pre_existing_dental_works';
success!
DELETE FROM therapy_plan_works;
DELETE FROM sqlite_sequence WHERE name='therapy_plan_works';
success!
DELETE FROM therapy_plan;
DELETE FROM sqlite_sequence WHERE name='therapy_plan';
success!
DELETE FROM dental_record;
DELETE FROM sqlite_sequence WHERE name='dental_record';
success!
DELETE FROM contacts;
DELETE FROM sqlite_sequence WHERE name='contacts';
success!
DELETE FROM dental_labs;
DELETE FROM sqlite_sequence WHERE name='dental_labs';
success!
DELETE FROM patients;
DELETE FROM sqlite_sequence WHERE name='patients';
success!
DELETE FROM appointments;
DELETE FROM sqlite_sequence WHERE name='appointments';
success!
DELETE FROM medical_conditions;
DELETE FROM sqlite_sequence WHERE name='medical_conditions';
success!
DELETE FROM dental_works;
DELETE FROM sqlite_sequence WHERE name='dental_works';
success!
DELETE FROM dental_work_categories;
DELETE FROM sqlite_sequence WHERE name='dental_work_categories';
success!
DELETE FROM dental_work_graphics;
DELETE FROM sqlite_sequence WHERE name='dental_work_graphics';
success!
DELETE FROM separation;
DELETE FROM sqlite_sequence WHERE name='separation';
success!
DELETE FROM teeth;
DELETE FROM sqlite_sequence WHERE name='teeth';
success!
DELETE FROM medical_conditions;
DELETE FROM sqlite_sequence WHERE name='medical_conditions';
success!
DELETE FROM patients;
DELETE FROM endo;
DELETE FROM sqlite_sequence WHERE name='endo';
success!
DELETE FROM colors;
DELETE FROM sqlite_sequence WHERE name='colors';
success!
DELETE FROM payments;
DELETE FROM sqlite_sequence WHERE name='payments';
success!
DELETE FROM images;
DELETE FROM sqlite_sequence WHERE name='images';
success!
DELETE FROM dental_work_materials;
DELETE FROM sqlite_sequence WHERE name='dental_work_materials';
success!
DELETE FROM pre_existing_dental_works;
DELETE FROM sqlite_sequence WHERE name='pre_existing_dental_works';
success!
DELETE FROM therapy_plan_works;
DELETE FROM sqlite_sequence WHERE name='therapy_plan_works';
success!
DELETE FROM therapy_plan;
DELETE FROM sqlite_sequence WHERE name='therapy_plan';
success!
DELETE FROM dental_record;
DELETE FROM sqlite_sequence WHERE name='dental_record';
success!
DELETE FROM contacts;
DELETE FROM sqlite_sequence WHERE name='contacts';
success!
DELETE FROM dental_labs;
DELETE FROM sqlite_sequence WHERE name='dental_labs';
success!
DELETE FROM patients;
DELETE FROM sqlite_sequence WHERE name='patients';
success!
DELETE FROM appointments;
DELETE FROM sqlite_sequence WHERE name='appointments';
success!
DELETE FROM medical_conditions;
DELETE FROM sqlite_sequence WHERE name='medical_conditions';
success!
DELETE FROM dental_works;
DELETE FROM sqlite_sequence WHERE name='dental_works';
success!
DELETE FROM dental_work_categories;
DELETE FROM sqlite_sequence WHERE name='dental_work_categories';
success!
DELETE FROM dental_work_graphics;
DELETE FROM sqlite_sequence WHERE name='dental_work_graphics';
success!
DELETE FROM separation;
DELETE FROM sqlite_sequence WHERE name='separation';
success!
DELETE FROM teeth;
DELETE FROM sqlite_sequence WHERE name='teeth';
success!
DELETE FROM medical_conditions;
DELETE FROM sqlite_sequence WHERE name='medical_conditions';
success!
DELETE FROM patients;
DELETE FROM sqlite_sequence WHERE name='patients';
success!
DELETE FROM dental_work_categories;
DELETE FROM sqlite_sequence WHERE name='dental_work_categories';
success!
DELETE FROM dental_work_materials;
DELETE FROM sqlite_sequence WHERE name='dental_work_materials';
success!
DELETE FROM dental_labs;
DELETE FROM sqlite_sequence WHERE name='dental_labs';
success!
DELETE FROM dental_work_graphics;
DELETE FROM sqlite_sequence WHERE name='dental_work_graphics';
success!
DELETE FROM separation;
DELETE FROM sqlite_sequence WHERE name='separation';
success!
DELETE FROM dental_works;
DELETE FROM sqlite_sequence WHERE name='dental_works';
success!
DELETE FROM teeth;
DELETE FROM sqlite_sequence WHERE name='teeth';
success!
DELETE FROM pre_existing_dental_works;
DELETE FROM sqlite_sequence WHERE name='pre_existing_dental_works';
success!
DELETE FROM dental_record;
DELETE FROM sqlite_sequence WHERE name='dental_record';
success!
DELETE FROM therapy_plan;
DELETE FROM sqlite_sequence WHERE name='therapy_plan';
success!
DELETE FROM therapy_plan_works;
DELETE FROM sqlite_sequence WHERE name='therapy_plan_works';
success!
DELETE FROM colors;
DELETE FROM sqlite_sequence WHERE name='colors';
success!
DELETE FROM payments;
DELETE FROM sqlite_sequence WHERE name='payments';
success!
DELETE FROM endo;
DELETE FROM sqlite_sequence WHERE name='endo';
success!
DELETE FROM contacts;
DELETE FROM sqlite_sequence WHERE name='contacts';
success!
DELETE FROM images;
DELETE FROM sqlite_sequence WHERE name='images';
success!
DELETE FROM appointments;
DELETE FROM sqlite_sequence WHERE name='appointments';
success!
DELETE FROM medical_conditions;
DELETE FROM sqlite_sequence WHERE name='medical_conditions';
success!
DELETE FROM patients;
DELETE FROM sqlite_sequence WHERE name='patients';
success!
DELETE FROM dental_work_categories;
DELETE FROM sqlite_sequence WHERE name='dental_work_categories';
success!
DELETE FROM dental_work_materials;
DELETE FROM sqlite_sequence WHERE name='dental_work_materials';
success!
DELETE FROM dental_labs;
DELETE FROM sqlite_sequence WHERE name='dental_labs';
success!
DELETE FROM dental_work_graphics;
DELETE FROM sqlite_sequence WHERE name='dental_work_graphics';
success!
DELETE FROM separation;
DELETE FROM sqlite_sequence WHERE name='separation';
success!
DELETE FROM dental_works;
DELETE FROM sqlite_sequence WHERE name='dental_works';
success!
DELETE FROM teeth;
DELETE FROM sqlite_sequence WHERE name='teeth';
success!
DELETE FROM pre_existing_dental_works;
DELETE FROM sqlite_sequence WHERE name='pre_existing_dental_works';
success!
DELETE FROM dental_record;
DELETE FROM sqlite_sequence WHERE name='dental_record';
success!
DELETE FROM therapy_plan;
DELETE FROM sqlite_sequence WHERE name='therapy_plan';
success!
DELETE FROM therapy_plan_works;
DELETE FROM sqlite_sequence WHERE name='therapy_plan_works';
success!
DELETE FROM colors;
DELETE FROM sqlite_sequence WHERE name='colors';
success!
DELETE FROM payments;
DELETE FROM sqlite_sequence WHERE name='payments';
success!
DELETE FROM endo;
DELETE FROM sqlite_sequence WHERE name='endo';
success!
DELETE FROM contacts;
DELETE FROM sqlite_sequence WHERE name='contacts';
success!
DELETE FROM images;
DELETE FROM sqlite_sequence WHERE name='images';
success!
DELETE FROM appointments;
DELETE FROM sqlite_sequence WHERE name='appointments';
success!
DELETE FROM endo;
DELETE FROM sqlite_sequence WHERE name='endo';
success!
DELETE FROM colors;
DELETE FROM sqlite_sequence WHERE name='colors';
success!
DELETE FROM payments;
DELETE FROM sqlite_sequence WHERE name='payments';
success!
DELETE FROM images;
DELETE FROM sqlite_sequence WHERE name='images';
success!
DELETE FROM dental_work_materials;
DELETE FROM sqlite_sequence WHERE name='dental_work_materials';
success!
DELETE FROM pre_existing_dental_works;
DELETE FROM sqlite_sequence WHERE name='pre_existing_dental_works';
success!
DELETE FROM therapy_plan_works;
DELETE FROM sqlite_sequence WHERE name='therapy_plan_works';
success!
DELETE FROM therapy_plan;
DELETE FROM sqlite_sequence WHERE name='therapy_plan';
success!
DELETE FROM dental_record;
DELETE FROM sqlite_sequence WHERE name='dental_record';
success!
DELETE FROM contacts;
DELETE FROM sqlite_sequence WHERE name='contacts';
success!
DELETE FROM dental_labs;
DELETE FROM sqlite_sequence WHERE name='dental_labs';
success!
DELETE FROM patients;
DELETE FROM sqlite_sequence WHERE name='patients';
success!
DELETE FROM appointments;
DELETE FROM sqlite_sequence WHERE name='appointments';
success!
DELETE FROM medical_conditions;
DELETE FROM sqlite_sequence WHERE name='medical_conditions';
success!
DELETE FROM dental_works;
DELETE FROM sqlite_sequence WHERE name='dental_works';
success!
DELETE FROM dental_work_categories;
DELETE FROM sqlite_sequence WHERE name='dental_work_categories';
success!
DELETE FROM dental_work_graphics;
DELETE FROM sqlite_sequence WHERE name='dental_work_graphics';
success!
DELETE FROM separation;
DELETE FROM sqlite_sequence WHERE name='separation';
success!
DELETE FROM teeth;
DELETE FROM sqlite_sequence WHERE name='teeth';
success!
DELETE FROM medical_conditions;
DELETE FROM sqlite_sequence WHERE name='medical_conditions';
success!
DELETE FROM patients;
DELETE FROM sqlite_sequence WHERE name='patients';
success!
DELETE FROM dental_work_categories;
DELETE FROM sqlite_sequence WHERE name='dental_work_categories';
success!
DELETE FROM dental_work_materials;
DELETE FROM sqlite_sequence WHERE name='dental_work_materials';
success!
DELETE FROM dental_labs;
DELETE FROM sqlite_sequence WHERE name='dental_labs';
success!
DELETE FROM dental_work_graphics;
DELETE FROM sqlite_sequence WHERE name='dental_work_graphics';
success!
DELETE FROM separation;
DELETE FROM sqlite_sequence WHERE name='separation';
success!
DELETE FROM dental_works;
DELETE FROM sqlite_sequence WHERE name='dental_works';
success!
DELETE FROM teeth;
DELETE FROM sqlite_sequence WHERE name='teeth';
success!
DELETE FROM pre_existing_dental_works;
DELETE FROM sqlite_sequence WHERE name='pre_existing_dental_works';
success!
DELETE FROM dental_record;
DELETE FROM sqlite_sequence WHERE name='dental_record';
success!
DELETE FROM therapy_plan;
DELETE FROM sqlite_sequence WHERE name='therapy_plan';
success!
DELETE FROM therapy_plan_works;
DELETE FROM sqlite_sequence WHERE name='therapy_plan_works';
success!
DELETE FROM colors;
DELETE FROM sqlite_sequence WHERE name='colors';
success!
DELETE FROM payments;
DELETE FROM sqlite_sequence WHERE name='payments';
success!
DELETE FROM endo;
DELETE FROM sqlite_sequence WHERE name='endo';
success!
DELETE FROM contacts;
DELETE FROM sqlite_sequence WHERE name='contacts';
success!
DELETE FROM images;
DELETE FROM sqlite_sequence WHERE name='images';
success!
DELETE FROM appointments;
DELETE FROM sqlite_sequence WHERE name='appointments';
success!
DELETE FROM endo;
DELETE FROM sqlite_sequence WHERE name='endo';
success!
DELETE FROM colors;
DELETE FROM sqlite_sequence WHERE name='colors';
success!
DELETE FROM payments;
DELETE FROM sqlite_sequence WHERE name='payments';
success!
DELETE FROM images;
DELETE FROM sqlite_sequence WHERE name='images';
success!
DELETE FROM dental_work_materials;
DELETE FROM sqlite_sequence WHERE name='dental_work_materials';
success!
DELETE FROM pre_existing_dental_works;
DELETE FROM sqlite_sequence WHERE name='pre_existing_dental_works';
success!
DELETE FROM therapy_plan_works;
DELETE FROM sqlite_sequence WHERE name='therapy_plan_works';
success!
DELETE FROM therapy_plan;
DELETE FROM sqlite_sequence WHERE name='therapy_plan';
success!
DELETE FROM dental_record;
DELETE FROM sqlite_sequence WHERE name='dental_record';
success!
DELETE FROM contacts;
DELETE FROM sqlite_sequence WHERE name='contacts';
success!
DELETE FROM dental_labs;
DELETE FROM sqlite_sequence WHERE name='dental_labs';
success!
DELETE FROM patients;
DELETE FROM sqlite_sequence WHERE name='patients';
success!
DELETE FROM appointments;
DELETE FROM sqlite_sequence WHERE name='appointments';
success!
DELETE FROM medical_conditions;
DELETE FROM sqlite_sequence WHERE name='medical_conditions';
success!
DELETE FROM dental_works;
DELETE FROM sqlite_sequence WHERE name='dental_works';
success!
DELETE FROM dental_work_categories;
DELETE FROM sqlite_sequence WHERE name='dental_work_categories';
success!
DELETE FROM dental_work_graphics;
DELETE FROM sqlite_sequence WHERE name='dental_work_graphics';
success!
DELETE FROM separation;
DELETE FROM sqlite_sequence WHERE name='separation';
success!
DELETE FROM teeth;
DELETE FROM sqlite_sequence WHERE name='teeth';
success!
DELETE FROM endo;
DELETE FROM sqlite_sequence WHERE name='endo';
success!
DELETE FROM colors;
DELETE FROM sqlite_sequence WHERE name='colors';
success!
DELETE FROM payments;
DELETE FROM sqlite_sequence WHERE name='payments';
success!
DELETE FROM images;
DELETE FROM sqlite_sequence WHERE name='images';
success!
DELETE FROM dental_work_materials;
DELETE FROM sqlite_sequence WHERE name='dental_work_materials';
success!
DELETE FROM pre_existing_dental_works;
DELETE FROM sqlite_sequence WHERE name='pre_existing_dental_works';
success!
DELETE FROM therapy_plan_works;
DELETE FROM sqlite_sequence WHERE name='therapy_plan_works';
success!
DELETE FROM therapy_plan;
DELETE FROM sqlite_sequence WHERE name='therapy_plan';
success!
DELETE FROM dental_record;
DELETE FROM sqlite_sequence WHERE name='dental_record';
success!
DELETE FROM contacts;
DELETE FROM sqlite_sequence WHERE name='contacts';
success!
DELETE FROM dental_labs;
DELETE FROM sqlite_sequence WHERE name='dental_labs';
success!
DELETE FROM patients;
DELETE FROM sqlite_sequence WHERE name='patients';
success!
DELETE FROM appointments;
DELETE FROM sqlite_sequence WHERE name='appointments';
success!
DELETE FROM medical_conditions;
DELETE FROM sqlite_sequence WHERE name='medical_conditions';
success!
DELETE FROM dental_works;
DELETE FROM sqlite_sequence WHERE name='dental_works';
success!
DELETE FROM dental_work_categories;
DELETE FROM sqlite_sequence WHERE name='dental_work_categories';
success!
DELETE FROM dental_work_graphics;
DELETE FROM sqlite_sequence WHERE name='dental_work_graphics';
success!
DELETE FROM separation;
DELETE FROM sqlite_sequence WHERE name='separation';
success!
DELETE FROM teeth;
DELETE FROM sqlite_sequence WHERE name='teeth';
success!
DELETE FROM endo;
DELETE FROM sqlite_sequence WHERE name='endo';
success!
DELETE FROM colors;
DELETE FROM sqlite_sequence WHERE name='colors';
success!
DELETE FROM payments;
DELETE FROM sqlite_sequence WHERE name='payments';
success!
DELETE FROM images;
DELETE FROM sqlite_sequence WHERE name='images';
success!
DELETE FROM dental_work_materials;
DELETE FROM sqlite_sequence WHERE name='dental_work_materials';
success!
DELETE FROM pre_existing_dental_works;
DELETE FROM sqlite_sequence WHERE name='pre_existing_dental_works';
success!
DELETE FROM therapy_plan_works;
DELETE FROM sqlite_sequence WHERE name='therapy_plan_works';
success!
DELETE FROM therapy_plan;
DELETE FROM sqlite_sequence WHERE name='therapy_plan';
success!
DELETE FROM dental_record;
DELETE FROM sqlite_sequence WHERE name='dental_record';
success!
DELETE FROM contacts;
DELETE FROM sqlite_sequence WHERE name='contacts';
success!
DELETE FROM dental_labs;
DELETE FROM sqlite_sequence WHERE name='dental_labs';
success!
DELETE FROM patients;
DELETE FROM sqlite_sequence WHERE name='patients';
success!
DELETE FROM appointments;
DELETE FROM sqlite_sequence WHERE name='appointments';
success!
DELETE FROM medical_conditions;
DELETE FROM sqlite_sequence WHERE name='medical_conditions';
success!
DELETE FROM dental_works;
DELETE FROM sqlite_sequence WHERE name='dental_works';
success!
DELETE FROM dental_work_categories;
DELETE FROM sqlite_sequence WHERE name='dental_work_categories';
success!
DELETE FROM dental_work_graphics;
DELETE FROM sqlite_sequence WHERE name='dental_work_graphics';
success!
DELETE FROM separation;
DELETE FROM sqlite_sequence WHERE name='separation';
success!
DELETE FROM teeth;
DELETE FROM sqlite_sequence WHERE name='teeth';
success!
DELETE FROM endo;
DELETE FROM sqlite_sequence WHERE name='endo';
success!
DELETE FROM colors;
DELETE FROM sqlite_sequence WHERE name='colors';
success!
DELETE FROM payments;
DELETE FROM sqlite_sequence WHERE name='payments';
success!
DELETE FROM images;
DELETE FROM sqlite_sequence WHERE name='images';
success!
DELETE FROM dental_work_materials;
DELETE FROM sqlite_sequence WHERE name='dental_work_materials';
success!
DELETE FROM pre_existing_dental_works;
DELETE FROM sqlite_sequence WHERE name='pre_existing_dental_works';
success!
DELETE FROM therapy_plan_works;
DELETE FROM sqlite_sequence WHERE name='therapy_plan_works';
success!
DELETE FROM therapy_plan;
DELETE FROM sqlite_sequence WHERE name='therapy_plan';
success!
DELETE FROM dental_record;
DELETE FROM sqlite_sequence WHERE name='dental_record';
success!
DELETE FROM contacts;
DELETE FROM sqlite_sequence WHERE name='contacts';
success!
DELETE FROM dental_labs;
DELETE FROM sqlite_sequence WHERE name='dental_labs';
success!
DELETE FROM patients;
DELETE FROM sqlite_sequence WHERE name='patients';
success!
DELETE FROM appointments;
DELETE FROM sqlite_sequence WHERE name='appointments';
success!
DELETE FROM medical_conditions;
DELETE FROM sqlite_sequence WHERE name='medical_conditions';
success!
DELETE FROM dental_works;
DELETE FROM sqlite_sequence WHERE name='dental_works';
success!
DELETE FROM dental_work_categories;
DELETE FROM sqlite_sequence WHERE name='dental_work_categories';
success!
DELETE FROM dental_work_graphics;
DELETE FROM sqlite_sequence WHERE name='dental_work_graphics';
success!
DELETE FROM separation;
DELETE FROM sqlite_sequence WHERE name='separation';
success!
DELETE FROM teeth;
DELETE FROM sqlite_sequence WHERE name='teeth';
success!
DELETE FROM endo;
DELETE FROM sqlite_sequence WHERE name='endo';
success!
DELETE FROM colors;
DELETE FROM sqlite_sequence WHERE name='colors';
success!
DELETE FROM payments;
DELETE FROM sqlite_sequence WHERE name='payments';
success!
DELETE FROM images;
DELETE FROM sqlite_sequence WHERE name='images';
success!
DELETE FROM dental_work_materials;
DELETE FROM sqlite_sequence WHERE name='dental_work_materials';
success!
DELETE FROM pre_existing_dental_works;
DELETE FROM sqlite_sequence WHERE name='pre_existing_dental_works';
success!
DELETE FROM therapy_plan_works;
DELETE FROM sqlite_sequence WHERE name='therapy_plan_works';
success!
DELETE FROM therapy_plan;
DELETE FROM sqlite_sequence WHERE name='therapy_plan';
success!
DELETE FROM dental_record;
DELETE FROM sqlite_sequence WHERE name='dental_record';
success!
DELETE FROM contacts;
DELETE FROM sqlite_sequence WHERE name='contacts';
success!
DELETE FROM dental_labs;
DELETE FROM sqlite_sequence WHERE name='dental_labs';
success!
DELETE FROM patients;
DELETE FROM sqlite_sequence WHERE name='patients';
success!
DELETE FROM appointments;
DELETE FROM sqlite_sequence WHERE name='appointments';
success!
DELETE FROM medical_conditions;
DELETE FROM sqlite_sequence WHERE name='medical_conditions';
success!
DELETE FROM dental_works;
DELETE FROM sqlite_sequence WHERE name='dental_works';
success!
DELETE FROM dental_work_categories;
DELETE FROM sqlite_sequence WHERE name='dental_work_categories';
success!
DELETE FROM dental_work_graphics;
DELETE FROM sqlite_sequence WHERE name='dental_work_graphics';
success!
DELETE FROM separation;
DELETE FROM sqlite_sequence WHERE name='separation';
success!
DELETE FROM teeth;
DELETE FROM sqlite_sequence WHERE name='teeth';
success!
DELETE FROM medical_conditions;
DELETE FROM sqlite_sequence WHERE name='medical_conditions';
success!
DELETE FROM patients;
DELETE FROM sqlite_sequence WHERE name='patients';
success!
DELETE FROM dental_work_categories;
DELETE FROM sqlite_sequence WHERE name='dental_work_categories';
success!
DELETE FROM dental_work_materials;
DELETE FROM sqlite_sequence WHERE name='dental_work_materials';
success!
DELETE FROM dental_labs;
DELETE FROM sqlite_sequence WHERE name='dental_labs';
success!
DELETE FROM dental_work_graphics;
DELETE FROM sqlite_sequence WHERE name='dental_work_graphics';
success!
DELETE FROM separation;
DELETE FROM sqlite_sequence WHERE name='separation';
success!
DELETE FROM dental_works;
DELETE FROM sqlite_sequence WHERE name='dental_works';
success!
DELETE FROM teeth;
DELETE FROM sqlite_sequence WHERE name='teeth';
success!
DELETE FROM pre_existing_dental_works;
DELETE FROM sqlite_sequence WHERE name='pre_existing_dental_works';
success!
DELETE FROM dental_record;
DELETE FROM sqlite_sequence WHERE name='dental_record';
success!
DELETE FROM therapy_plan;
DELETE FROM sqlite_sequence WHERE name='therapy_plan';
success!
DELETE FROM therapy_plan_works;
DELETE FROM sqlite_sequence WHERE name='therapy_plan_works';
success!
DELETE FROM colors;
DELETE FROM sqlite_sequence WHERE name='colors';
success!
DELETE FROM payments;
DELETE FROM sqlite_sequence WHERE name='payments';
success!
DELETE FROM endo;
DELETE FROM sqlite_sequence WHERE name='endo';
success!
DELETE FROM contacts;
DELETE FROM sqlite_sequence WHERE name='contacts';
success!
DELETE FROM images;
DELETE FROM sqlite_sequence WHERE name='images';
success!
DELETE FROM appointments;
DELETE FROM sqlite_sequence WHERE name='appointments';
success!
DELETE FROM endo;
DELETE FROM sqlite_sequence WHERE name='endo';
success!
DELETE FROM colors;
DELETE FROM sqlite_sequence WHERE name='colors';
success!
DELETE FROM payments;
DELETE FROM sqlite_sequence WHERE name='payments';
success!
DELETE FROM images;
DELETE FROM sqlite_sequence WHERE name='images';
success!
DELETE FROM dental_work_materials;
DELETE FROM sqlite_sequence WHERE name='dental_work_materials';
success!
DELETE FROM pre_existing_dental_works;
DELETE FROM sqlite_sequence WHERE name='pre_existing_dental_works';
success!
DELETE FROM therapy_plan_works;
DELETE FROM sqlite_sequence WHERE name='therapy_plan_works';
success!
DELETE FROM therapy_plan;
DELETE FROM sqlite_sequence WHERE name='therapy_plan';
success!
DELETE FROM dental_record;
DELETE FROM sqlite_sequence WHERE name='dental_record';
success!
DELETE FROM contacts;
DELETE FROM sqlite_sequence WHERE name='contacts';
success!
DELETE FROM dental_labs;
DELETE FROM sqlite_sequence WHERE name='dental_labs';
success!
DELETE FROM patients;
DELETE FROM sqlite_sequence WHERE name='patients';
success!
DELETE FROM appointments;
DELETE FROM sqlite_sequence WHERE name='appointments';
success!
DELETE FROM medical_conditions;
DELETE FROM sqlite_sequence WHERE name='medical_conditions';
success!
DELETE FROM dental_works;
DELETE FROM sqlite_sequence WHERE name='dental_works';
success!
DELETE FROM dental_work_categories;
DELETE FROM sqlite_sequence WHERE name='dental_work_categories';
success!
DELETE FROM dental_work_graphics;
DELETE FROM sqlite_sequence WHERE name='dental_work_graphics';
success!
DELETE FROM separation;
DELETE FROM sqlite_sequence WHERE name='separation';
success!
DELETE FROM teeth;
DELETE FROM sqlite_sequence WHERE name='teeth';
success!
DELETE FROM endo;
DELETE FROM sqlite_sequence WHERE name='endo';
success!
DELETE FROM colors;
DELETE FROM sqlite_sequence WHERE name='colors';
success!
DELETE FROM payments;
DELETE FROM sqlite_sequence WHERE name='payments';
success!
DELETE FROM images;
DELETE FROM sqlite_sequence WHERE name='images';
success!
DELETE FROM dental_work_materials;
DELETE FROM sqlite_sequence WHERE name='dental_work_materials';
success!
DELETE FROM pre_existing_dental_works;
DELETE FROM sqlite_sequence WHERE name='pre_existing_dental_works';
success!
DELETE FROM therapy_plan_works;
DELETE FROM sqlite_sequence WHERE name='therapy_plan_works';
success!
DELETE FROM therapy_plan;
DELETE FROM sqlite_sequence WHERE name='therapy_plan';
success!
DELETE FROM dental_record;
DELETE FROM sqlite_sequence WHERE name='dental_record';
success!
DELETE FROM contacts;
DELETE FROM sqlite_sequence WHERE name='contacts';
success!
DELETE FROM dental_labs;
DELETE FROM sqlite_sequence WHERE name='dental_labs';
success!
DELETE FROM patients;
DELETE FROM sqlite_sequence WHERE name='patients';
success!
DELETE FROM appointments;
DELETE FROM sqlite_sequence WHERE name='appointments';
success!
DELETE FROM medical_conditions;
DELETE FROM sqlite_sequence WHERE name='medical_conditions';
success!
DELETE FROM dental_works;
DELETE FROM sqlite_sequence WHERE name='dental_works';
success!
DELETE FROM dental_work_categories;
DELETE FROM sqlite_sequence WHERE name='dental_work_categories';
success!
DELETE FROM dental_work_graphics;
DELETE FROM sqlite_sequence WHERE name='dental_work_graphics';
success!
DELETE FROM separation;
DELETE FROM sqlite_sequence WHERE name='separation';
success!
DELETE FROM teeth;
DELETE FROM sqlite_sequence WHERE name='teeth';
success!
DELETE FROM endo;
DELETE FROM sqlite_sequence WHERE name='endo';
success!
DELETE FROM colors;
DELETE FROM sqlite_sequence WHERE name='colors';
success!
DELETE FROM payments;
DELETE FROM sqlite_sequence WHERE name='payments';
success!
DELETE FROM images;
DELETE FROM sqlite_sequence WHERE name='images';
success!
DELETE FROM dental_work_materials;
DELETE FROM sqlite_sequence WHERE name='dental_work_materials';
success!
DELETE FROM pre_existing_dental_works;
DELETE FROM sqlite_sequence WHERE name='pre_existing_dental_works';
success!
DELETE FROM therapy_plan_works;
DELETE FROM sqlite_sequence WHERE name='therapy_plan_works';
success!
DELETE FROM therapy_plan;
DELETE FROM sqlite_sequence WHERE name='therapy_plan';
success!
DELETE FROM dental_record;
DELETE FROM sqlite_sequence WHERE name='dental_record';
success!
DELETE FROM contacts;
DELETE FROM sqlite_sequence WHERE name='contacts';
success!
DELETE FROM dental_labs;
DELETE FROM sqlite_sequence WHERE name='dental_labs';
success!
DELETE FROM patients;
DELETE FROM sqlite_sequence WHERE name='patients';
success!
DELETE FROM appointments;
DELETE FROM sqlite_sequence WHERE name='appointments';
success!
DELETE FROM medical_conditions;
DELETE FROM sqlite_sequence WHERE name='medical_conditions';
success!
DELETE FROM dental_works;
DELETE FROM sqlite_sequence WHERE name='dental_works';
success!
DELETE FROM dental_work_categories;
DELETE FROM sqlite_sequence WHERE name='dental_work_categories';
success!
DELETE FROM dental_work_graphics;
DELETE FROM sqlite_sequence WHERE name='dental_work_graphics';
success!
DELETE FROM separation;
DELETE FROM sqlite_sequence WHERE name='separation';
success!
DELETE FROM teeth;
DELETE FROM sqlite_sequence WHERE name='teeth';
success!
DELETE FROM endo;
DELETE FROM sqlite_sequence WHERE name='endo';
success!
DELETE FROM colors;
DELETE FROM sqlite_sequence WHERE name='colors';
success!
DELETE FROM payments;
DELETE FROM sqlite_sequence WHERE name='payments';
success!
DELETE FROM images;
DELETE FROM sqlite_sequence WHERE name='images';
success!
DELETE FROM dental_work_materials;
DELETE FROM sqlite_sequence WHERE name='dental_work_materials';
success!
DELETE FROM pre_existing_dental_works;
DELETE FROM sqlite_sequence WHERE name='pre_existing_dental_works';
success!
DELETE FROM therapy_plan_works;
DELETE FROM sqlite_sequence WHERE name='therapy_plan_works';
success!
DELETE FROM therapy_plan;
DELETE FROM sqlite_sequence WHERE name='therapy_plan';
success!
DELETE FROM dental_record;
DELETE FROM sqlite_sequence WHERE name='dental_record';
success!
DELETE FROM contacts;
DELETE FROM sqlite_sequence WHERE name='contacts';
success!
DELETE FROM dental_labs;
DELETE FROM sqlite_sequence WHERE name='dental_labs';
success!
DELETE FROM patients;
DELETE FROM sqlite_sequence WHERE name='patients';
success!
DELETE FROM appointments;
DELETE FROM sqlite_sequence WHERE name='appointments';
success!
DELETE FROM medical_conditions;
DELETE FROM sqlite_sequence WHERE name='medical_conditions';
success!
DELETE FROM dental_works;
DELETE FROM sqlite_sequence WHERE name='dental_works';
success!
DELETE FROM dental_work_categories;
DELETE FROM sqlite_sequence WHERE name='dental_work_categories';
success!
DELETE FROM dental_work_graphics;
DELETE FROM sqlite_sequence WHERE name='dental_work_graphics';
success!
DELETE FROM separation;
DELETE FROM sqlite_sequence WHERE name='separation';
success!
DELETE FROM teeth;
DELETE FROM sqlite_sequence WHERE name='teeth';
success!
